2023-04-02 13:18:34,646 Namespace(TEST_MODEL_FILE=None, cfg='experiments/atari/flip.yaml', eval_only=False, render=False, seed=1)
2023-04-02 13:18:34,647 {'AUTO_RESUME': False,
 'CUDNN': {'BENCHMARK': True, 'DETERMINISTIC': False, 'ENABLED': True},
 'DATASET': {'BRIGHTNESS_FACTOR': 0.0,
             'COLOR_RGB': True,
             'CONTRAST_FACTOR': 0.0,
             'DATASET': 'mpii',
             'GRAYSCALE': True,
             'HISTORY_INPUT': False,
             'HUE_FACTOR': 0.0,
             'HYBRID': False,
             'ROOT': '',
             'SAMPLE_2_FRAME': False,
             'SAMPLE_2_FRAME_OFFSET': 0,
             'SAMPLE_STEP': 1,
             'SAT_FACTOR': 0.0,
             'TEST_SET': 'valid',
             'TRAIN_SET': 'train',
             'TRANSFORM': False},
 'DATA_DIR': '',
 'DEBUG': {'DEBUG': False},
 'GPUS': '0',
 'LOG_DIR': 'log',
 'MODEL': {'HEATMAP_SIZE': [64, 64],
           'IGNORE_BACKGROUND': False,
           'IMAGE_SIZE': array([84, 84]),
           'INIT_WEIGHTS': True,
           'NAME': 'a2c',
           'PRETRAINED': '',
           'SIGMA': 1},
 'MODEL_FILE': '',
 'OUTPUT_DIR': 'output',
 'PIN_MEMORY': True,
 'PRINT_FREQ': 100,
 'RESUME': False,
 'SELFSUP_ATTENTION': {'AUTOENCODER_LOSS': True,
                       'BLOCK_IMAGE_FEAT_GRADIENT': False,
                       'DECODER_WITH_SIGMOID': True,
                       'GAUSS_STD': 0.1,
                       'HEATMAP_SPARSITY_LOSS': True,
                       'HEATMAP_SPARSITY_LOSS_WEIGHT': 0.001,
                       'KEYPOINTER_CLS_AGNOSTIC': True,
                       'NUM_KEYPOINTS': 7,
                       'RECONSTRUCT_LOSS_THRESHOLD': 0.01,
                       'SHARE_PARAMETERS': False,
                       'USE_INSTANCE_NORM': False,
                       'USE_LAYER_NORM': False},
 'TEST': {'BATCH_SIZE_PER_GPU': 32, 'MODEL_FILE': ''},
 'TRAIN': {'BATCH_SIZE_PER_GPU': 32,
           'BEGIN_EPOCH': 0,
           'CHECKPOINT': '',
           'END_EPOCH': 140,
           'GAMMA1': 0.99,
           'GAMMA2': 0.0,
           'LR': 0.001,
           'LR_FACTOR': 0.1,
           'LR_STEP': [90, 110],
           'MOMENTUM': 0.9,
           'NESTEROV': False,
           'OPTIMIZER': 'adam',
           'RESUME': False,
           'SHUFFLE': True,
           'WD': 0.0001},
 'WORKERS': 4,
 'algo': 'a2c',
 'alpha': 0.99,
 'block_selfsup_attention_grad': False,
 'bottom_up_downsample_mask': False,
 'bottom_up_downsample_mask_stride1': False,
 'bottom_up_form_num_of_objects': 10,
 'bottom_up_form_objects': False,
 'cuda': True,
 'cuda_deterministic': False,
 'entropy_coef': 0.01,
 'env_name': 'MsPacmanNoFrameskip-v4',
 'eps': 1e-05,
 'eval_interval': 1250,
 'feat_add_selfsup_attention': True,
 'feat_from_selfsup_attention': False,
 'feat_mul_selfsup_attention_mask': True,
 'feat_mul_selfsup_attention_mask_residual': False,
 'feat_pool_with_selfsup_attention': False,
 'fix_feature': False,
 'gae_lambda': 0.95,
 'gail': False,
 'gail_batch_size': 128,
 'gail_epoch': 5,
 'gail_experts_dir': './gail_experts',
 'gamma': 0.99,
 'gaussian_std': 0.1,
 'hidden_size': 512,
 'log_interval': 250,
 'lr': 0.0007,
 'mask_threshold': -1.0,
 'max_grad_norm': 0.5,
 'no_cuda': False,
 'num_env_steps': 500000,
 'num_processes': 1,
 'num_steps': 5,
 'ppo_epoch': 4,
 'recurrent_policy': False,
 'resized_size': 84,
 'save_dir': './trained_models/',
 'save_interval': 1250,
 'seed': 1,
 'selfsup_attention_feat_load_pretrained': True,
 'selfsup_attention_feat_masked': True,
 'selfsup_attention_feat_masked_residual': False,
 'selfsup_attention_fix': False,
 'selfsup_attention_fix_keypointer': False,
 'selfsup_attention_image_feat_only': False,
 'selfsup_attention_keyp_maps_pool': True,
 'selfsup_attention_multiframe': False,
 'selfsup_attention_pretrain': '',
 'sep_bg_fg_feat': False,
 'temperature': 0.07,
 'train_selfsup_attention': True,
 'train_selfsup_attention_batch_size': 256,
 'train_selfsup_attention_buffer_size': 10000,
 'use_gae': False,
 'use_layer_norm': False,
 'use_linear_lr_decay': False,
 'use_proper_time_limits': False,
 'value_loss_coef': 0.5,
 'weight_decay': 0.0}
2023-04-02 13:19:12,013 Updates 2250, num timesteps 11255
selfsup attention loss 6.23639
image_b_keypoints_maps 0.04671

2023-04-02 13:19:36,209 Updates 2500, num timesteps 12505
selfsup attention loss 6.23577
image_b_keypoints_maps 0.05474

2023-04-02 13:20:00,893 Updates 2750, num timesteps 13755
selfsup attention loss 6.23315
image_b_keypoints_maps 0.03995

2023-04-02 13:20:25,616 Updates 3000, num timesteps 15005
selfsup attention loss 6.00883
image_b_keypoints_maps 0.11231

2023-04-02 13:20:50,316 Updates 3250, num timesteps 16255
selfsup attention loss 5.85191
image_b_keypoints_maps 0.11071

2023-04-02 13:21:14,657 Updates 3500, num timesteps 17505
selfsup attention loss 5.87471
image_b_keypoints_maps 0.12783

2023-04-02 13:21:39,045 Updates 3750, num timesteps 18755
selfsup attention loss 5.64829
image_b_keypoints_maps 0.12430

2023-04-02 13:22:03,550 Updates 4000, num timesteps 20005
selfsup attention loss 5.70056
image_b_keypoints_maps 0.10087

2023-04-02 13:22:28,050 Updates 4250, num timesteps 21255
selfsup attention loss 5.54279
image_b_keypoints_maps 0.11306

2023-04-02 13:22:52,584 Updates 4500, num timesteps 22505
selfsup attention loss 5.51866
image_b_keypoints_maps 0.10154

2023-04-02 13:23:17,489 Updates 4750, num timesteps 23755
selfsup attention loss 5.49631
image_b_keypoints_maps 0.09966

2023-04-02 13:23:42,215 Updates 5000, num timesteps 25005
selfsup attention loss 5.53658
image_b_keypoints_maps 0.09547

2023-04-02 13:24:06,749 Updates 5250, num timesteps 26255
selfsup attention loss 5.50345
image_b_keypoints_maps 0.09299

2023-04-02 13:24:31,277 Updates 5500, num timesteps 27505
selfsup attention loss 5.47550
image_b_keypoints_maps 0.09054

2023-04-02 13:24:55,940 Updates 5750, num timesteps 28755
selfsup attention loss 5.33625
image_b_keypoints_maps 0.09500

2023-04-02 13:25:20,624 Updates 6000, num timesteps 30005
selfsup attention loss 5.56993
image_b_keypoints_maps 0.07795

2023-04-02 13:25:45,088 Updates 6250, num timesteps 31255
selfsup attention loss 5.41288
image_b_keypoints_maps 0.08422

2023-04-02 13:26:10,367 Updates 6500, num timesteps 32505
selfsup attention loss 5.43005
image_b_keypoints_maps 0.07522

2023-04-02 13:26:35,014 Updates 6750, num timesteps 33755
selfsup attention loss 5.28366
image_b_keypoints_maps 0.08609

2023-04-02 13:26:59,808 Updates 7000, num timesteps 35005
selfsup attention loss 5.35316
image_b_keypoints_maps 0.07764

2023-04-02 13:27:24,403 Updates 7250, num timesteps 36255
selfsup attention loss 5.18857
image_b_keypoints_maps 0.07886

2023-04-02 13:27:49,630 Updates 7500, num timesteps 37505
selfsup attention loss 5.39136
image_b_keypoints_maps 0.07981

2023-04-02 13:28:14,307 Updates 7750, num timesteps 38755
selfsup attention loss 5.21781
image_b_keypoints_maps 0.07821

2023-04-02 13:28:39,021 Updates 8000, num timesteps 40005
selfsup attention loss 5.18912
image_b_keypoints_maps 0.08448

2023-04-02 13:29:03,829 Updates 8250, num timesteps 41255
selfsup attention loss 5.39225
image_b_keypoints_maps 0.06729

2023-04-02 13:29:28,500 Updates 8500, num timesteps 42505
selfsup attention loss 5.34304
image_b_keypoints_maps 0.07520

2023-04-02 13:29:53,342 Updates 8750, num timesteps 43755
selfsup attention loss 5.17816
image_b_keypoints_maps 0.07082

2023-04-02 13:30:18,164 Updates 9000, num timesteps 45005
selfsup attention loss 5.24314
image_b_keypoints_maps 0.07253

2023-04-02 13:30:42,893 Updates 9250, num timesteps 46255
selfsup attention loss 5.25366
image_b_keypoints_maps 0.06895

2023-04-02 13:31:07,688 Updates 9500, num timesteps 47505
selfsup attention loss 5.19966
image_b_keypoints_maps 0.07639

2023-04-02 13:31:32,197 Updates 9750, num timesteps 48755
selfsup attention loss 5.16930
image_b_keypoints_maps 0.06560

2023-04-02 13:31:57,637 Updates 10000, num timesteps 50005
selfsup attention loss 5.22775
image_b_keypoints_maps 0.07545

2023-04-02 13:32:22,804 Updates 10250, num timesteps 51255
selfsup attention loss 5.13117
image_b_keypoints_maps 0.07483

2023-04-02 13:32:47,460 Updates 10500, num timesteps 52505
selfsup attention loss 5.13707
image_b_keypoints_maps 0.07402

2023-04-02 13:33:11,820 Updates 10750, num timesteps 53755
selfsup attention loss 5.23463
image_b_keypoints_maps 0.07865

2023-04-02 13:33:36,477 Updates 11000, num timesteps 55005
selfsup attention loss 5.18612
image_b_keypoints_maps 0.08074

2023-04-02 13:34:01,135 Updates 11250, num timesteps 56255
selfsup attention loss 5.20773
image_b_keypoints_maps 0.07900

2023-04-02 13:34:25,823 Updates 11500, num timesteps 57505
selfsup attention loss 5.02483
image_b_keypoints_maps 0.07700

2023-04-02 13:34:50,514 Updates 11750, num timesteps 58755
selfsup attention loss 5.20873
image_b_keypoints_maps 0.07631

2023-04-02 13:35:15,209 Updates 12000, num timesteps 60005
selfsup attention loss 5.12305
image_b_keypoints_maps 0.06973

2023-04-02 13:35:39,928 Updates 12250, num timesteps 61255
selfsup attention loss 5.18631
image_b_keypoints_maps 0.07726

2023-04-02 13:36:04,623 Updates 12500, num timesteps 62505
selfsup attention loss 5.19265
image_b_keypoints_maps 0.07742

2023-04-02 13:36:29,335 Updates 12750, num timesteps 63755
selfsup attention loss 4.96732
image_b_keypoints_maps 0.07564

2023-04-02 13:36:53,980 Updates 13000, num timesteps 65005
selfsup attention loss 5.16260
image_b_keypoints_maps 0.07856

2023-04-02 13:37:18,464 Updates 13250, num timesteps 66255
selfsup attention loss 4.97791
image_b_keypoints_maps 0.07790

2023-04-02 13:37:43,179 Updates 13500, num timesteps 67505
selfsup attention loss 5.03154
image_b_keypoints_maps 0.07951

2023-04-02 13:38:07,646 Updates 13750, num timesteps 68755
selfsup attention loss 5.17894
image_b_keypoints_maps 0.06851

2023-04-02 13:38:32,228 Updates 14000, num timesteps 70005
selfsup attention loss 5.18143
image_b_keypoints_maps 0.08808

2023-04-02 13:38:56,896 Updates 14250, num timesteps 71255
selfsup attention loss 5.05807
image_b_keypoints_maps 0.07634

2023-04-02 13:39:21,572 Updates 14500, num timesteps 72505
selfsup attention loss 4.95954
image_b_keypoints_maps 0.08051

2023-04-02 13:39:46,260 Updates 14750, num timesteps 73755
selfsup attention loss 4.97515
image_b_keypoints_maps 0.08008

2023-04-02 13:40:10,967 Updates 15000, num timesteps 75005
selfsup attention loss 5.11839
image_b_keypoints_maps 0.07866

2023-04-02 13:40:35,649 Updates 15250, num timesteps 76255
selfsup attention loss 4.92795
image_b_keypoints_maps 0.07861

2023-04-02 13:40:59,986 Updates 15500, num timesteps 77505
selfsup attention loss 4.85992
image_b_keypoints_maps 0.08076

2023-04-02 13:41:24,671 Updates 15750, num timesteps 78755
selfsup attention loss 5.17677
image_b_keypoints_maps 0.08773

2023-04-02 13:41:49,279 Updates 16000, num timesteps 80005
selfsup attention loss 5.07369
image_b_keypoints_maps 0.08313

2023-04-02 13:42:13,969 Updates 16250, num timesteps 81255
selfsup attention loss 5.03711
image_b_keypoints_maps 0.08080

2023-04-02 13:42:38,690 Updates 16500, num timesteps 82505
selfsup attention loss 4.92295
image_b_keypoints_maps 0.08153

2023-04-02 13:43:03,364 Updates 16750, num timesteps 83755
selfsup attention loss 4.98241
image_b_keypoints_maps 0.08206

2023-04-02 13:43:28,044 Updates 17000, num timesteps 85005
selfsup attention loss 5.07806
image_b_keypoints_maps 0.07839

2023-04-02 13:43:52,745 Updates 17250, num timesteps 86255
selfsup attention loss 4.80703
image_b_keypoints_maps 0.07990

2023-04-02 13:44:17,463 Updates 17500, num timesteps 87505
selfsup attention loss 4.98060
image_b_keypoints_maps 0.08922

2023-04-02 13:44:42,185 Updates 17750, num timesteps 88755
selfsup attention loss 4.90595
image_b_keypoints_maps 0.09249

2023-04-02 13:45:06,890 Updates 18000, num timesteps 90005
selfsup attention loss 4.90093
image_b_keypoints_maps 0.08370

2023-04-02 13:45:31,660 Updates 18250, num timesteps 91255
selfsup attention loss 4.81045
image_b_keypoints_maps 0.07825

2023-04-02 13:45:56,322 Updates 18500, num timesteps 92505
selfsup attention loss 4.97618
image_b_keypoints_maps 0.09337

2023-04-02 13:46:21,015 Updates 18750, num timesteps 93755
selfsup attention loss 5.11224
image_b_keypoints_maps 0.07971

2023-04-02 13:46:45,656 Updates 19000, num timesteps 95005
selfsup attention loss 4.77807
image_b_keypoints_maps 0.08755

2023-04-02 13:47:10,934 Updates 19250, num timesteps 96255
selfsup attention loss 4.88863
image_b_keypoints_maps 0.08988

2023-04-02 13:47:36,016 Updates 19500, num timesteps 97505
selfsup attention loss 4.93039
image_b_keypoints_maps 0.09283

2023-04-02 13:48:00,854 Updates 19750, num timesteps 98755
selfsup attention loss 4.86843
image_b_keypoints_maps 0.09230

2023-04-02 13:48:25,493 Updates 20000, num timesteps 100005
selfsup attention loss 4.97960
image_b_keypoints_maps 0.08667

2023-04-02 13:48:50,758 Updates 20250, num timesteps 101255
selfsup attention loss 4.78298
image_b_keypoints_maps 0.09891

2023-04-02 13:49:15,439 Updates 20500, num timesteps 102505
selfsup attention loss 4.83592
image_b_keypoints_maps 0.08972

2023-04-02 13:49:42,062 Updates 20750, num timesteps 103755
selfsup attention loss 5.03259
image_b_keypoints_maps 0.08904

2023-04-02 13:50:07,090 Updates 21000, num timesteps 105005
selfsup attention loss 4.90804
image_b_keypoints_maps 0.09294

2023-04-02 13:50:34,463 Updates 21250, num timesteps 106255
selfsup attention loss 4.93723
image_b_keypoints_maps 0.09502

2023-04-02 13:50:59,042 Updates 21500, num timesteps 107505
selfsup attention loss 4.78271
image_b_keypoints_maps 0.08436

2023-04-02 13:51:23,708 Updates 21750, num timesteps 108755
selfsup attention loss 4.83114
image_b_keypoints_maps 0.09627

2023-04-02 13:51:48,487 Updates 22000, num timesteps 110005
selfsup attention loss 4.82371
image_b_keypoints_maps 0.09088

2023-04-02 13:52:13,153 Updates 22250, num timesteps 111255
selfsup attention loss 4.70316
image_b_keypoints_maps 0.09485

2023-04-02 13:52:37,830 Updates 22500, num timesteps 112505
selfsup attention loss 4.68569
image_b_keypoints_maps 0.09437

2023-04-02 13:53:02,534 Updates 22750, num timesteps 113755
selfsup attention loss 4.79650
image_b_keypoints_maps 0.09040

2023-04-02 13:53:27,354 Updates 23000, num timesteps 115005
selfsup attention loss 4.72118
image_b_keypoints_maps 0.10773

2023-04-02 13:53:52,156 Updates 23250, num timesteps 116255
selfsup attention loss 4.98913
image_b_keypoints_maps 0.09710

2023-04-02 13:54:16,883 Updates 23500, num timesteps 117505
selfsup attention loss 4.72854
image_b_keypoints_maps 0.09414

2023-04-02 13:54:41,643 Updates 23750, num timesteps 118755
selfsup attention loss 4.63318
image_b_keypoints_maps 0.10191

2023-04-02 13:55:06,390 Updates 24000, num timesteps 120005
selfsup attention loss 4.86022
image_b_keypoints_maps 0.10958

2023-04-02 13:55:31,079 Updates 24250, num timesteps 121255
selfsup attention loss 4.53943
image_b_keypoints_maps 0.09350

2023-04-02 13:55:55,936 Updates 24500, num timesteps 122505
selfsup attention loss 4.75138
image_b_keypoints_maps 0.10570

2023-04-02 13:56:20,648 Updates 24750, num timesteps 123755
selfsup attention loss 4.76850
image_b_keypoints_maps 0.09745

2023-04-02 13:56:45,924 Updates 25000, num timesteps 125005
selfsup attention loss 4.76624
image_b_keypoints_maps 0.10675

2023-04-02 13:57:10,566 Updates 25250, num timesteps 126255
selfsup attention loss 4.66472
image_b_keypoints_maps 0.09087

2023-04-02 13:57:35,554 Updates 25500, num timesteps 127505
selfsup attention loss 4.93499
image_b_keypoints_maps 0.09640

2023-04-02 13:58:00,310 Updates 25750, num timesteps 128755
selfsup attention loss 4.99103
image_b_keypoints_maps 0.11198

2023-04-02 13:58:25,015 Updates 26000, num timesteps 130005
selfsup attention loss 4.81476
image_b_keypoints_maps 0.10020

2023-04-02 13:58:49,666 Updates 26250, num timesteps 131255
selfsup attention loss 4.67585
image_b_keypoints_maps 0.10717

2023-04-02 13:59:14,369 Updates 26500, num timesteps 132505
selfsup attention loss 4.71456
image_b_keypoints_maps 0.10443

2023-04-02 13:59:38,994 Updates 26750, num timesteps 133755
selfsup attention loss 4.70961
image_b_keypoints_maps 0.10430

2023-04-02 14:00:03,221 Updates 27000, num timesteps 135005
selfsup attention loss 4.85780
image_b_keypoints_maps 0.10714

2023-04-02 14:00:27,569 Updates 27250, num timesteps 136255
selfsup attention loss 4.92050
image_b_keypoints_maps 0.11044

2023-04-02 14:00:51,898 Updates 27500, num timesteps 137505
selfsup attention loss 4.86562
image_b_keypoints_maps 0.09852

2023-04-02 14:01:16,381 Updates 27750, num timesteps 138755
selfsup attention loss 4.87290
image_b_keypoints_maps 0.11020

2023-04-02 14:01:41,048 Updates 28000, num timesteps 140005
selfsup attention loss 4.68249
image_b_keypoints_maps 0.09919

2023-04-02 14:02:05,688 Updates 28250, num timesteps 141255
selfsup attention loss 4.86075
image_b_keypoints_maps 0.10713

2023-04-02 14:02:30,377 Updates 28500, num timesteps 142505
selfsup attention loss 4.80064
image_b_keypoints_maps 0.10438

2023-04-02 14:02:55,022 Updates 28750, num timesteps 143755
selfsup attention loss 4.52942
image_b_keypoints_maps 0.11153

2023-04-02 14:03:19,672 Updates 29000, num timesteps 145005
selfsup attention loss 4.78547
image_b_keypoints_maps 0.10207

2023-04-02 14:03:44,657 Updates 29250, num timesteps 146255
selfsup attention loss 4.87680
image_b_keypoints_maps 0.10731

2023-04-02 14:04:09,341 Updates 29500, num timesteps 147505
selfsup attention loss 4.74382
image_b_keypoints_maps 0.10775

2023-04-02 14:04:34,019 Updates 29750, num timesteps 148755
selfsup attention loss 4.70959
image_b_keypoints_maps 0.10877

2023-04-02 14:04:58,810 Updates 30000, num timesteps 150005
selfsup attention loss 4.70047
image_b_keypoints_maps 0.10931

2023-04-02 14:05:23,506 Updates 30250, num timesteps 151255
selfsup attention loss 4.53446
image_b_keypoints_maps 0.10786

2023-04-02 14:05:48,312 Updates 30500, num timesteps 152505
selfsup attention loss 4.74090
image_b_keypoints_maps 0.10385

2023-04-02 14:06:13,100 Updates 30750, num timesteps 153755
selfsup attention loss 4.77384
image_b_keypoints_maps 0.10635

2023-04-02 14:06:39,053 Updates 31000, num timesteps 155005
selfsup attention loss 4.65703
image_b_keypoints_maps 0.10699

2023-04-02 14:07:03,546 Updates 31250, num timesteps 156255
selfsup attention loss 4.71576
image_b_keypoints_maps 0.11549

2023-04-02 14:07:28,115 Updates 31500, num timesteps 157505
selfsup attention loss 4.56234
image_b_keypoints_maps 0.11125

2023-04-02 14:07:52,784 Updates 31750, num timesteps 158755
selfsup attention loss 4.63211
image_b_keypoints_maps 0.12072

2023-04-02 14:08:17,526 Updates 32000, num timesteps 160005
selfsup attention loss 4.68613
image_b_keypoints_maps 0.11482

2023-04-02 14:08:42,259 Updates 32250, num timesteps 161255
selfsup attention loss 4.83686
image_b_keypoints_maps 0.10492

2023-04-02 14:09:07,101 Updates 32500, num timesteps 162505
selfsup attention loss 4.73584
image_b_keypoints_maps 0.11671

2023-04-02 14:09:31,888 Updates 32750, num timesteps 163755
selfsup attention loss 4.67974
image_b_keypoints_maps 0.10482

2023-04-02 14:09:56,628 Updates 33000, num timesteps 165005
selfsup attention loss 4.60472
image_b_keypoints_maps 0.11059

2023-04-02 14:10:21,350 Updates 33250, num timesteps 166255
selfsup attention loss 4.75363
image_b_keypoints_maps 0.11321

2023-04-02 14:10:46,027 Updates 33500, num timesteps 167505
selfsup attention loss 4.68032
image_b_keypoints_maps 0.11532

2023-04-02 14:11:11,214 Updates 33750, num timesteps 168755
selfsup attention loss 4.70816
image_b_keypoints_maps 0.11392

2023-04-02 14:11:35,919 Updates 34000, num timesteps 170005
selfsup attention loss 4.53563
image_b_keypoints_maps 0.11412

2023-04-02 14:12:00,396 Updates 34250, num timesteps 171255
selfsup attention loss 4.69383
image_b_keypoints_maps 0.11891

2023-04-02 14:12:24,966 Updates 34500, num timesteps 172505
selfsup attention loss 4.54575
image_b_keypoints_maps 0.11478

2023-04-02 14:12:49,543 Updates 34750, num timesteps 173755
selfsup attention loss 4.71101
image_b_keypoints_maps 0.11333

2023-04-02 14:13:14,266 Updates 35000, num timesteps 175005
selfsup attention loss 4.87070
image_b_keypoints_maps 0.11575

2023-04-02 14:13:38,945 Updates 35250, num timesteps 176255
selfsup attention loss 4.73468
image_b_keypoints_maps 0.11327

2023-04-02 14:14:03,389 Updates 35500, num timesteps 177505
selfsup attention loss 4.48035
image_b_keypoints_maps 0.12107

2023-04-02 14:14:27,943 Updates 35750, num timesteps 178755
selfsup attention loss 4.66059
image_b_keypoints_maps 0.12248

2023-04-02 14:14:52,404 Updates 36000, num timesteps 180005
selfsup attention loss 4.51079
image_b_keypoints_maps 0.11966

2023-04-02 14:15:16,985 Updates 36250, num timesteps 181255
selfsup attention loss 4.59513
image_b_keypoints_maps 0.11956

2023-04-02 14:15:41,631 Updates 36500, num timesteps 182505
selfsup attention loss 4.64163
image_b_keypoints_maps 0.11749

2023-04-02 14:16:06,056 Updates 36750, num timesteps 183755
selfsup attention loss 4.68756
image_b_keypoints_maps 0.12085

2023-04-02 14:16:30,327 Updates 37000, num timesteps 185005
selfsup attention loss 4.56317
image_b_keypoints_maps 0.12342

2023-04-02 14:16:54,969 Updates 37250, num timesteps 186255
selfsup attention loss 4.50596
image_b_keypoints_maps 0.11759

2023-04-02 14:17:19,303 Updates 37500, num timesteps 187505
selfsup attention loss 4.48072
image_b_keypoints_maps 0.11721

2023-04-02 14:17:43,772 Updates 37750, num timesteps 188755
selfsup attention loss 4.63706
image_b_keypoints_maps 0.12259

2023-04-02 14:18:08,443 Updates 38000, num timesteps 190005
selfsup attention loss 4.83481
image_b_keypoints_maps 0.12953

2023-04-02 14:18:33,093 Updates 38250, num timesteps 191255
selfsup attention loss 4.68985
image_b_keypoints_maps 0.11682

2023-04-02 14:18:57,563 Updates 38500, num timesteps 192505
selfsup attention loss 4.46756
image_b_keypoints_maps 0.12107

2023-04-02 14:19:22,039 Updates 38750, num timesteps 193755
selfsup attention loss 4.49453
image_b_keypoints_maps 0.12179

2023-04-02 14:19:46,714 Updates 39000, num timesteps 195005
selfsup attention loss 4.57037
image_b_keypoints_maps 0.12356

2023-04-02 14:20:11,409 Updates 39250, num timesteps 196255
selfsup attention loss 4.47364
image_b_keypoints_maps 0.12029

2023-04-02 14:20:36,109 Updates 39500, num timesteps 197505
selfsup attention loss 4.32490
image_b_keypoints_maps 0.12325

2023-04-02 14:21:00,788 Updates 39750, num timesteps 198755
selfsup attention loss 4.57509
image_b_keypoints_maps 0.12818

2023-04-02 14:21:25,532 Updates 40000, num timesteps 200005
selfsup attention loss 4.57611
image_b_keypoints_maps 0.13199

2023-04-02 14:21:50,234 Updates 40250, num timesteps 201255
selfsup attention loss 4.49484
image_b_keypoints_maps 0.12487

2023-04-02 14:22:16,820 Updates 40500, num timesteps 202505
selfsup attention loss 4.55230
image_b_keypoints_maps 0.12498

2023-04-02 14:22:41,688 Updates 40750, num timesteps 203755
selfsup attention loss 4.61455
image_b_keypoints_maps 0.13416

2023-04-02 14:23:08,579 Updates 41000, num timesteps 205005
selfsup attention loss 4.55260
image_b_keypoints_maps 0.12932

2023-04-02 14:23:33,867 Updates 41250, num timesteps 206255
selfsup attention loss 4.36663
image_b_keypoints_maps 0.12746

2023-04-02 14:23:59,315 Updates 41500, num timesteps 207505
selfsup attention loss 4.57398
image_b_keypoints_maps 0.12229

2023-04-02 14:24:26,661 Updates 41750, num timesteps 208755
selfsup attention loss 4.49376
image_b_keypoints_maps 0.12559

2023-04-02 14:24:54,310 Updates 42000, num timesteps 210005
selfsup attention loss 4.55897
image_b_keypoints_maps 0.12902

2023-04-02 14:25:21,173 Updates 42250, num timesteps 211255
selfsup attention loss 4.67512
image_b_keypoints_maps 0.12789

2023-04-02 14:25:46,752 Updates 42500, num timesteps 212505
selfsup attention loss 4.56692
image_b_keypoints_maps 0.13003

2023-04-02 14:26:12,270 Updates 42750, num timesteps 213755
selfsup attention loss 4.50131
image_b_keypoints_maps 0.12319

2023-04-02 14:26:37,793 Updates 43000, num timesteps 215005
selfsup attention loss 4.57750
image_b_keypoints_maps 0.12446

2023-04-02 14:27:03,297 Updates 43250, num timesteps 216255
selfsup attention loss 4.48003
image_b_keypoints_maps 0.12929

2023-04-02 14:27:29,621 Updates 43500, num timesteps 217505
selfsup attention loss 4.50071
image_b_keypoints_maps 0.12823

2023-04-02 14:27:56,896 Updates 43750, num timesteps 218755
selfsup attention loss 4.72799
image_b_keypoints_maps 0.12859

2023-04-02 14:28:22,281 Updates 44000, num timesteps 220005
selfsup attention loss 4.42887
image_b_keypoints_maps 0.13252

2023-04-02 14:28:48,562 Updates 44250, num timesteps 221255
selfsup attention loss 4.51489
image_b_keypoints_maps 0.12602

2023-04-02 14:29:13,481 Updates 44500, num timesteps 222505
selfsup attention loss 4.52635
image_b_keypoints_maps 0.12827

2023-04-02 14:29:39,267 Updates 44750, num timesteps 223755
selfsup attention loss 4.42212
image_b_keypoints_maps 0.12667

2023-04-02 14:30:04,303 Updates 45000, num timesteps 225005
selfsup attention loss 4.53095
image_b_keypoints_maps 0.13102

2023-04-02 14:30:30,080 Updates 45250, num timesteps 226255
selfsup attention loss 4.57609
image_b_keypoints_maps 0.12337

2023-04-02 14:30:55,012 Updates 45500, num timesteps 227505
selfsup attention loss 4.48334
image_b_keypoints_maps 0.12717

2023-04-02 14:31:21,849 Updates 45750, num timesteps 228755
selfsup attention loss 4.44618
image_b_keypoints_maps 0.12336

2023-04-02 14:31:46,700 Updates 46000, num timesteps 230005
selfsup attention loss 4.35216
image_b_keypoints_maps 0.12573

2023-04-02 14:32:11,468 Updates 46250, num timesteps 231255
selfsup attention loss 4.66786
image_b_keypoints_maps 0.12788

2023-04-02 14:32:36,200 Updates 46500, num timesteps 232505
selfsup attention loss 4.54348
image_b_keypoints_maps 0.12852

2023-04-02 14:33:01,487 Updates 46750, num timesteps 233755
selfsup attention loss 4.43310
image_b_keypoints_maps 0.13275

2023-04-02 14:33:26,098 Updates 47000, num timesteps 235005
selfsup attention loss 4.55818
image_b_keypoints_maps 0.13267

2023-04-02 14:33:50,660 Updates 47250, num timesteps 236255
selfsup attention loss 4.55897
image_b_keypoints_maps 0.12819

2023-04-02 14:34:15,221 Updates 47500, num timesteps 237505
selfsup attention loss 4.44760
image_b_keypoints_maps 0.12608

2023-04-02 14:34:39,795 Updates 47750, num timesteps 238755
selfsup attention loss 4.53382
image_b_keypoints_maps 0.13073

2023-04-02 14:35:04,387 Updates 48000, num timesteps 240005
selfsup attention loss 4.39883
image_b_keypoints_maps 0.13361

2023-04-02 14:35:28,961 Updates 48250, num timesteps 241255
selfsup attention loss 4.42641
image_b_keypoints_maps 0.13327

2023-04-02 14:35:53,571 Updates 48500, num timesteps 242505
selfsup attention loss 4.48493
image_b_keypoints_maps 0.12873

2023-04-02 14:36:18,013 Updates 48750, num timesteps 243755
selfsup attention loss 4.48627
image_b_keypoints_maps 0.13432

2023-04-02 14:36:44,201 Updates 49000, num timesteps 245005
selfsup attention loss 4.58964
image_b_keypoints_maps 0.13490

2023-04-02 14:37:10,074 Updates 49250, num timesteps 246255
selfsup attention loss 4.48802
image_b_keypoints_maps 0.13362

2023-04-02 14:37:35,057 Updates 49500, num timesteps 247505
selfsup attention loss 4.41269
image_b_keypoints_maps 0.13308

2023-04-02 14:37:59,833 Updates 49750, num timesteps 248755
selfsup attention loss 4.56030
image_b_keypoints_maps 0.12765

2023-04-02 14:38:24,875 Updates 50000, num timesteps 250005
selfsup attention loss 4.60877
image_b_keypoints_maps 0.13882

2023-04-02 14:38:50,956 Updates 50250, num timesteps 251255
selfsup attention loss 4.47348
image_b_keypoints_maps 0.12901

2023-04-02 14:39:15,925 Updates 50500, num timesteps 252505
selfsup attention loss 4.57370
image_b_keypoints_maps 0.12679

2023-04-02 14:39:41,735 Updates 50750, num timesteps 253755
selfsup attention loss 4.46957
image_b_keypoints_maps 0.12659

2023-04-02 14:40:06,699 Updates 51000, num timesteps 255005
selfsup attention loss 4.48707
image_b_keypoints_maps 0.13269

2023-04-02 14:40:31,714 Updates 51250, num timesteps 256255
selfsup attention loss 4.45591
image_b_keypoints_maps 0.12527

2023-04-02 14:40:56,757 Updates 51500, num timesteps 257505
selfsup attention loss 4.56319
image_b_keypoints_maps 0.13125

2023-04-02 14:41:22,302 Updates 51750, num timesteps 258755
selfsup attention loss 4.45833
image_b_keypoints_maps 0.13625

2023-04-02 14:41:47,316 Updates 52000, num timesteps 260005
selfsup attention loss 4.36770
image_b_keypoints_maps 0.13447

2023-04-02 14:42:12,562 Updates 52250, num timesteps 261255
selfsup attention loss 4.43550
image_b_keypoints_maps 0.13981

2023-04-02 14:42:36,956 Updates 52500, num timesteps 262505
selfsup attention loss 4.35411
image_b_keypoints_maps 0.13010

2023-04-02 14:43:02,451 Updates 52750, num timesteps 263755
selfsup attention loss 4.28825
image_b_keypoints_maps 0.12889

2023-04-02 14:43:27,962 Updates 53000, num timesteps 265005
selfsup attention loss 4.25583
image_b_keypoints_maps 0.13235

2023-04-02 14:43:53,622 Updates 53250, num timesteps 266255
selfsup attention loss 4.40055
image_b_keypoints_maps 0.13048

2023-04-02 14:44:18,469 Updates 53500, num timesteps 267505
selfsup attention loss 4.32572
image_b_keypoints_maps 0.12480

2023-04-02 14:44:43,283 Updates 53750, num timesteps 268755
selfsup attention loss 4.49617
image_b_keypoints_maps 0.13103

2023-04-02 14:45:07,807 Updates 54000, num timesteps 270005
selfsup attention loss 4.49088
image_b_keypoints_maps 0.13255

2023-04-02 14:45:34,283 Updates 54250, num timesteps 271255
selfsup attention loss 4.32781
image_b_keypoints_maps 0.12916

2023-04-02 14:45:59,221 Updates 54500, num timesteps 272505
selfsup attention loss 4.51114
image_b_keypoints_maps 0.13406

2023-04-02 14:46:24,136 Updates 54750, num timesteps 273755
selfsup attention loss 4.54165
image_b_keypoints_maps 0.13440

2023-04-02 14:46:49,161 Updates 55000, num timesteps 275005
selfsup attention loss 4.41031
image_b_keypoints_maps 0.12729

2023-04-02 14:47:14,063 Updates 55250, num timesteps 276255
selfsup attention loss 4.36971
image_b_keypoints_maps 0.13277

2023-04-02 14:47:38,929 Updates 55500, num timesteps 277505
selfsup attention loss 4.40857
image_b_keypoints_maps 0.12947

2023-04-02 14:48:04,728 Updates 55750, num timesteps 278755
selfsup attention loss 4.61613
image_b_keypoints_maps 0.12347

2023-04-02 14:48:29,161 Updates 56000, num timesteps 280005
selfsup attention loss 4.31626
image_b_keypoints_maps 0.12670

2023-04-02 14:48:53,551 Updates 56250, num timesteps 281255
selfsup attention loss 4.48626
image_b_keypoints_maps 0.13137

2023-04-02 14:49:18,148 Updates 56500, num timesteps 282505
selfsup attention loss 4.39019
image_b_keypoints_maps 0.13602

2023-04-02 14:49:43,766 Updates 56750, num timesteps 283755
selfsup attention loss 4.51261
image_b_keypoints_maps 0.13088

2023-04-02 14:50:08,880 Updates 57000, num timesteps 285005
selfsup attention loss 4.29963
image_b_keypoints_maps 0.13244

2023-04-02 14:50:35,351 Updates 57250, num timesteps 286255
selfsup attention loss 4.78979
image_b_keypoints_maps 0.13335

2023-04-02 14:51:00,614 Updates 57500, num timesteps 287505
selfsup attention loss 4.53811
image_b_keypoints_maps 0.13860

2023-04-02 14:51:25,393 Updates 57750, num timesteps 288755
selfsup attention loss 4.42236
image_b_keypoints_maps 0.13137

2023-04-02 14:51:50,080 Updates 58000, num timesteps 290005
selfsup attention loss 4.53623
image_b_keypoints_maps 0.13108

2023-04-02 14:52:14,739 Updates 58250, num timesteps 291255
selfsup attention loss 4.47302
image_b_keypoints_maps 0.12808

2023-04-02 14:52:39,249 Updates 58500, num timesteps 292505
selfsup attention loss 4.32971
image_b_keypoints_maps 0.12907

2023-04-02 14:53:03,829 Updates 58750, num timesteps 293755
selfsup attention loss 4.46212
image_b_keypoints_maps 0.13226

2023-04-02 14:53:28,407 Updates 59000, num timesteps 295005
selfsup attention loss 4.30966
image_b_keypoints_maps 0.13350

2023-04-02 14:53:53,215 Updates 59250, num timesteps 296255
selfsup attention loss 4.53316
image_b_keypoints_maps 0.13043

2023-04-02 14:54:17,721 Updates 59500, num timesteps 297505
selfsup attention loss 4.28071
image_b_keypoints_maps 0.13190

2023-04-02 14:54:42,226 Updates 59750, num timesteps 298755
selfsup attention loss 4.44414
image_b_keypoints_maps 0.13353

2023-04-02 14:55:06,842 Updates 60000, num timesteps 300005
selfsup attention loss 4.62926
image_b_keypoints_maps 0.12813

2023-04-02 14:55:31,463 Updates 60250, num timesteps 301255
selfsup attention loss 4.50014
image_b_keypoints_maps 0.13155

2023-04-02 14:55:56,192 Updates 60500, num timesteps 302505
selfsup attention loss 4.44043
image_b_keypoints_maps 0.13120

2023-04-02 14:56:20,681 Updates 60750, num timesteps 303755
selfsup attention loss 4.33159
image_b_keypoints_maps 0.13198

2023-04-02 14:56:45,310 Updates 61000, num timesteps 305005
selfsup attention loss 4.34146
image_b_keypoints_maps 0.13504

2023-04-02 14:57:09,840 Updates 61250, num timesteps 306255
selfsup attention loss 4.46718
image_b_keypoints_maps 0.12935

2023-04-02 14:57:34,339 Updates 61500, num timesteps 307505
selfsup attention loss 4.40246
image_b_keypoints_maps 0.13276

2023-04-02 14:57:58,947 Updates 61750, num timesteps 308755
selfsup attention loss 4.30705
image_b_keypoints_maps 0.13404

2023-04-02 14:58:23,626 Updates 62000, num timesteps 310005
selfsup attention loss 4.23213
image_b_keypoints_maps 0.13469

2023-04-02 14:58:48,300 Updates 62250, num timesteps 311255
selfsup attention loss 4.48687
image_b_keypoints_maps 0.12995

2023-04-02 14:59:12,835 Updates 62500, num timesteps 312505
selfsup attention loss 4.32175
image_b_keypoints_maps 0.13187

2023-04-02 14:59:38,045 Updates 62750, num timesteps 313755
selfsup attention loss 4.50385
image_b_keypoints_maps 0.13457

2023-04-02 15:00:02,889 Updates 63000, num timesteps 315005
selfsup attention loss 4.23093
image_b_keypoints_maps 0.12858

2023-04-02 15:00:27,752 Updates 63250, num timesteps 316255
selfsup attention loss 4.45606
image_b_keypoints_maps 0.13134

2023-04-02 15:00:52,645 Updates 63500, num timesteps 317505
selfsup attention loss 4.36801
image_b_keypoints_maps 0.13487

2023-04-02 15:01:17,511 Updates 63750, num timesteps 318755
selfsup attention loss 4.57080
image_b_keypoints_maps 0.12922

2023-04-02 15:01:42,356 Updates 64000, num timesteps 320005
selfsup attention loss 4.26787
image_b_keypoints_maps 0.13203

2023-04-02 15:02:07,189 Updates 64250, num timesteps 321255
selfsup attention loss 4.43143
image_b_keypoints_maps 0.13569

2023-04-02 15:02:32,013 Updates 64500, num timesteps 322505
selfsup attention loss 4.39386
image_b_keypoints_maps 0.12799

2023-04-02 15:02:56,852 Updates 64750, num timesteps 323755
selfsup attention loss 4.44268
image_b_keypoints_maps 0.13305

2023-04-02 15:03:21,697 Updates 65000, num timesteps 325005
selfsup attention loss 4.50017
image_b_keypoints_maps 0.13480

2023-04-02 15:03:46,537 Updates 65250, num timesteps 326255
selfsup attention loss 4.64787
image_b_keypoints_maps 0.13656

2023-04-02 15:04:11,395 Updates 65500, num timesteps 327505
selfsup attention loss 4.35898
image_b_keypoints_maps 0.13676

2023-04-02 15:04:36,248 Updates 65750, num timesteps 328755
selfsup attention loss 4.44792
image_b_keypoints_maps 0.12992

2023-04-02 15:05:01,397 Updates 66000, num timesteps 330005
selfsup attention loss 4.42230
image_b_keypoints_maps 0.13075

2023-04-02 15:05:27,527 Updates 66250, num timesteps 331255
selfsup attention loss 4.44681
image_b_keypoints_maps 0.13265

2023-04-02 15:05:55,667 Updates 66500, num timesteps 332505
selfsup attention loss 4.32992
image_b_keypoints_maps 0.13744

2023-04-02 15:06:20,479 Updates 66750, num timesteps 333755
selfsup attention loss 4.38263
image_b_keypoints_maps 0.13484

2023-04-02 15:06:45,398 Updates 67000, num timesteps 335005
selfsup attention loss 4.23729
image_b_keypoints_maps 0.13189

2023-04-02 15:07:10,273 Updates 67250, num timesteps 336255
selfsup attention loss 4.20615
image_b_keypoints_maps 0.13659

2023-04-02 15:07:35,212 Updates 67500, num timesteps 337505
selfsup attention loss 4.55906
image_b_keypoints_maps 0.12920

2023-04-02 15:07:59,999 Updates 67750, num timesteps 338755
selfsup attention loss 4.25082
image_b_keypoints_maps 0.13333

2023-04-02 15:08:24,627 Updates 68000, num timesteps 340005
selfsup attention loss 4.30683
image_b_keypoints_maps 0.13052

2023-04-02 15:08:49,344 Updates 68250, num timesteps 341255
selfsup attention loss 4.45491
image_b_keypoints_maps 0.13762

2023-04-02 15:09:14,031 Updates 68500, num timesteps 342505
selfsup attention loss 4.28852
image_b_keypoints_maps 0.13154

2023-04-02 15:09:38,682 Updates 68750, num timesteps 343755
selfsup attention loss 4.28431
image_b_keypoints_maps 0.13112

2023-04-02 15:10:03,265 Updates 69000, num timesteps 345005
selfsup attention loss 4.41818
image_b_keypoints_maps 0.13705

2023-04-02 15:10:27,823 Updates 69250, num timesteps 346255
selfsup attention loss 4.22732
image_b_keypoints_maps 0.13558

2023-04-02 15:10:52,376 Updates 69500, num timesteps 347505
selfsup attention loss 4.48141
image_b_keypoints_maps 0.13655

2023-04-02 15:11:16,925 Updates 69750, num timesteps 348755
selfsup attention loss 4.41877
image_b_keypoints_maps 0.13836

2023-04-02 15:11:41,485 Updates 70000, num timesteps 350005
selfsup attention loss 4.43927
image_b_keypoints_maps 0.13360

2023-04-02 15:12:06,199 Updates 70250, num timesteps 351255
selfsup attention loss 4.51622
image_b_keypoints_maps 0.13506

2023-04-02 15:12:30,780 Updates 70500, num timesteps 352505
selfsup attention loss 4.26541
image_b_keypoints_maps 0.13430

2023-04-02 15:12:55,374 Updates 70750, num timesteps 353755
selfsup attention loss 4.31809
image_b_keypoints_maps 0.12967

2023-04-02 15:13:19,945 Updates 71000, num timesteps 355005
selfsup attention loss 4.32400
image_b_keypoints_maps 0.12792

2023-04-02 15:13:44,533 Updates 71250, num timesteps 356255
selfsup attention loss 4.27538
image_b_keypoints_maps 0.13298

2023-04-02 15:14:09,369 Updates 71500, num timesteps 357505
selfsup attention loss 4.36705
image_b_keypoints_maps 0.13992

2023-04-02 15:14:33,882 Updates 71750, num timesteps 358755
selfsup attention loss 4.26213
image_b_keypoints_maps 0.13488

2023-04-02 15:14:58,387 Updates 72000, num timesteps 360005
selfsup attention loss 4.20763
image_b_keypoints_maps 0.13548

2023-04-02 15:15:22,911 Updates 72250, num timesteps 361255
selfsup attention loss 4.51296
image_b_keypoints_maps 0.14157

2023-04-02 15:15:47,525 Updates 72500, num timesteps 362505
selfsup attention loss 4.16267
image_b_keypoints_maps 0.13033

2023-04-02 15:16:12,026 Updates 72750, num timesteps 363755
selfsup attention loss 4.52623
image_b_keypoints_maps 0.13464

2023-04-02 15:16:36,548 Updates 73000, num timesteps 365005
selfsup attention loss 4.36122
image_b_keypoints_maps 0.13363

2023-04-02 15:17:01,033 Updates 73250, num timesteps 366255
selfsup attention loss 4.16201
image_b_keypoints_maps 0.13771

2023-04-02 15:17:25,529 Updates 73500, num timesteps 367505
selfsup attention loss 4.47684
image_b_keypoints_maps 0.13122

2023-04-02 15:17:50,030 Updates 73750, num timesteps 368755
selfsup attention loss 4.30375
image_b_keypoints_maps 0.13752

2023-04-02 15:18:14,528 Updates 74000, num timesteps 370005
selfsup attention loss 4.24440
image_b_keypoints_maps 0.13138

2023-04-02 15:18:39,498 Updates 74250, num timesteps 371255
selfsup attention loss 4.28262
image_b_keypoints_maps 0.13546

2023-04-02 15:19:04,141 Updates 74500, num timesteps 372505
selfsup attention loss 4.38352
image_b_keypoints_maps 0.13588

2023-04-02 15:19:28,760 Updates 74750, num timesteps 373755
selfsup attention loss 4.41588
image_b_keypoints_maps 0.12981

2023-04-02 15:19:53,408 Updates 75000, num timesteps 375005
selfsup attention loss 4.28962
image_b_keypoints_maps 0.14068

2023-04-02 15:20:18,067 Updates 75250, num timesteps 376255
selfsup attention loss 4.23755
image_b_keypoints_maps 0.13292

2023-04-02 15:20:42,719 Updates 75500, num timesteps 377505
selfsup attention loss 4.15048
image_b_keypoints_maps 0.13491

2023-04-02 15:21:07,388 Updates 75750, num timesteps 378755
selfsup attention loss 4.38960
image_b_keypoints_maps 0.13467

2023-04-02 15:21:32,112 Updates 76000, num timesteps 380005
selfsup attention loss 4.20334
image_b_keypoints_maps 0.13709

2023-04-02 15:21:56,789 Updates 76250, num timesteps 381255
selfsup attention loss 4.30009
image_b_keypoints_maps 0.13905

2023-04-02 15:22:21,634 Updates 76500, num timesteps 382505
selfsup attention loss 4.46417
image_b_keypoints_maps 0.13793

2023-04-02 15:22:46,430 Updates 76750, num timesteps 383755
selfsup attention loss 4.44666
image_b_keypoints_maps 0.13205

2023-04-02 15:23:11,202 Updates 77000, num timesteps 385005
selfsup attention loss 4.16278
image_b_keypoints_maps 0.13306

2023-04-02 15:23:35,934 Updates 77250, num timesteps 386255
selfsup attention loss 4.53509
image_b_keypoints_maps 0.13571

2023-04-02 15:24:00,735 Updates 77500, num timesteps 387505
selfsup attention loss 4.38948
image_b_keypoints_maps 0.13484

2023-04-02 15:24:25,460 Updates 77750, num timesteps 388755
selfsup attention loss 4.22290
image_b_keypoints_maps 0.14047

2023-04-02 15:24:50,253 Updates 78000, num timesteps 390005
selfsup attention loss 4.38764
image_b_keypoints_maps 0.14119

2023-04-02 15:25:15,046 Updates 78250, num timesteps 391255
selfsup attention loss 4.38745
image_b_keypoints_maps 0.13799

2023-04-02 15:25:39,785 Updates 78500, num timesteps 392505
selfsup attention loss 4.02833
image_b_keypoints_maps 0.13999

2023-04-02 15:26:04,866 Updates 78750, num timesteps 393755
selfsup attention loss 4.34772
image_b_keypoints_maps 0.13658

2023-04-02 15:26:29,531 Updates 79000, num timesteps 395005
selfsup attention loss 4.26653
image_b_keypoints_maps 0.13421

2023-04-02 15:26:54,192 Updates 79250, num timesteps 396255
selfsup attention loss 4.23876
image_b_keypoints_maps 0.13897

2023-04-02 15:27:18,979 Updates 79500, num timesteps 397505
selfsup attention loss 4.28490
image_b_keypoints_maps 0.13249

2023-04-02 15:27:44,046 Updates 79750, num timesteps 398755
selfsup attention loss 4.25818
image_b_keypoints_maps 0.13197

2023-04-02 15:28:08,895 Updates 80000, num timesteps 400005
selfsup attention loss 4.09636
image_b_keypoints_maps 0.13674

2023-04-02 15:28:33,785 Updates 80250, num timesteps 401255
selfsup attention loss 4.42995
image_b_keypoints_maps 0.13113

2023-04-02 15:28:59,334 Updates 80500, num timesteps 402505
selfsup attention loss 4.24635
image_b_keypoints_maps 0.13096

2023-04-02 15:29:23,986 Updates 80750, num timesteps 403755
selfsup attention loss 4.24271
image_b_keypoints_maps 0.13478

2023-04-02 15:29:48,685 Updates 81000, num timesteps 405005
selfsup attention loss 4.17850
image_b_keypoints_maps 0.13786

2023-04-02 15:30:13,324 Updates 81250, num timesteps 406255
selfsup attention loss 4.27094
image_b_keypoints_maps 0.13843

2023-04-02 15:30:37,956 Updates 81500, num timesteps 407505
selfsup attention loss 4.47492
image_b_keypoints_maps 0.12749

2023-04-02 15:31:02,577 Updates 81750, num timesteps 408755
selfsup attention loss 4.20117
image_b_keypoints_maps 0.13736

2023-04-02 15:31:27,078 Updates 82000, num timesteps 410005
selfsup attention loss 4.20134
image_b_keypoints_maps 0.13799

2023-04-02 15:31:51,243 Updates 82250, num timesteps 411255
selfsup attention loss 4.36943
image_b_keypoints_maps 0.13137

2023-04-02 15:32:16,089 Updates 82500, num timesteps 412505
selfsup attention loss 3.96816
image_b_keypoints_maps 0.13825

2023-04-02 15:32:40,881 Updates 82750, num timesteps 413755
selfsup attention loss 4.40865
image_b_keypoints_maps 0.14084

2023-04-02 15:33:05,626 Updates 83000, num timesteps 415005
selfsup attention loss 3.96143
image_b_keypoints_maps 0.13279

2023-04-02 15:33:30,143 Updates 83250, num timesteps 416255
selfsup attention loss 4.20640
image_b_keypoints_maps 0.13680

2023-04-02 15:33:54,686 Updates 83500, num timesteps 417505
selfsup attention loss 4.36041
image_b_keypoints_maps 0.13428

2023-04-02 15:34:19,246 Updates 83750, num timesteps 418755
selfsup attention loss 4.19333
image_b_keypoints_maps 0.13846

2023-04-02 15:34:42,993 Updates 84000, num timesteps 420005
selfsup attention loss 4.10058
image_b_keypoints_maps 0.13601

2023-04-02 15:35:07,033 Updates 84250, num timesteps 421255
selfsup attention loss 4.18880
image_b_keypoints_maps 0.14311

2023-04-02 15:35:30,796 Updates 84500, num timesteps 422505
selfsup attention loss 4.42893
image_b_keypoints_maps 0.14042

2023-04-02 15:35:54,558 Updates 84750, num timesteps 423755
selfsup attention loss 4.12190
image_b_keypoints_maps 0.13690

2023-04-02 15:36:18,221 Updates 85000, num timesteps 425005
selfsup attention loss 4.24647
image_b_keypoints_maps 0.13799

2023-04-02 15:36:41,774 Updates 85250, num timesteps 426255
selfsup attention loss 4.21335
image_b_keypoints_maps 0.13857

2023-04-02 15:37:05,345 Updates 85500, num timesteps 427505
selfsup attention loss 4.37252
image_b_keypoints_maps 0.13996

2023-04-02 15:37:29,261 Updates 85750, num timesteps 428755
selfsup attention loss 4.23484
image_b_keypoints_maps 0.13510

2023-04-02 15:37:53,165 Updates 86000, num timesteps 430005
selfsup attention loss 4.15441
image_b_keypoints_maps 0.13787

2023-04-02 15:38:17,287 Updates 86250, num timesteps 431255
selfsup attention loss 4.26713
image_b_keypoints_maps 0.13642

2023-04-02 15:38:41,087 Updates 86500, num timesteps 432505
selfsup attention loss 4.12811
image_b_keypoints_maps 0.13851

2023-04-02 15:39:04,895 Updates 86750, num timesteps 433755
selfsup attention loss 4.12491
image_b_keypoints_maps 0.13568

2023-04-02 15:39:28,701 Updates 87000, num timesteps 435005
selfsup attention loss 4.34703
image_b_keypoints_maps 0.13810

2023-04-02 15:39:52,505 Updates 87250, num timesteps 436255
selfsup attention loss 4.05431
image_b_keypoints_maps 0.14369

2023-04-02 15:40:16,307 Updates 87500, num timesteps 437505
selfsup attention loss 4.48984
image_b_keypoints_maps 0.13237

2023-04-02 15:40:40,114 Updates 87750, num timesteps 438755
selfsup attention loss 4.03374
image_b_keypoints_maps 0.14003

2023-04-02 15:41:04,090 Updates 88000, num timesteps 440005
selfsup attention loss 4.31102
image_b_keypoints_maps 0.13648

2023-04-02 15:41:28,149 Updates 88250, num timesteps 441255
selfsup attention loss 4.30816
image_b_keypoints_maps 0.13871

2023-04-02 15:41:52,289 Updates 88500, num timesteps 442505
selfsup attention loss 4.35379
image_b_keypoints_maps 0.13842

2023-04-02 15:42:16,140 Updates 88750, num timesteps 443755
selfsup attention loss 4.29539
image_b_keypoints_maps 0.14076

2023-04-02 15:42:40,006 Updates 89000, num timesteps 445005
selfsup attention loss 4.41406
image_b_keypoints_maps 0.13882

2023-04-02 15:43:03,874 Updates 89250, num timesteps 446255
selfsup attention loss 4.20642
image_b_keypoints_maps 0.14216

2023-04-02 15:43:27,742 Updates 89500, num timesteps 447505
selfsup attention loss 4.22031
image_b_keypoints_maps 0.14115

2023-04-02 15:43:51,617 Updates 89750, num timesteps 448755
selfsup attention loss 4.06770
image_b_keypoints_maps 0.13776

2023-04-02 15:44:15,499 Updates 90000, num timesteps 450005
selfsup attention loss 4.02297
image_b_keypoints_maps 0.13503

2023-04-02 15:44:39,387 Updates 90250, num timesteps 451255
selfsup attention loss 4.12817
image_b_keypoints_maps 0.13603

2023-04-02 15:45:03,348 Updates 90500, num timesteps 452505
selfsup attention loss 4.14326
image_b_keypoints_maps 0.13445

2023-04-02 15:45:27,220 Updates 90750, num timesteps 453755
selfsup attention loss 4.17429
image_b_keypoints_maps 0.13885

2023-04-02 15:45:51,103 Updates 91000, num timesteps 455005
selfsup attention loss 4.29493
image_b_keypoints_maps 0.13709

2023-04-02 15:46:14,979 Updates 91250, num timesteps 456255
selfsup attention loss 4.22656
image_b_keypoints_maps 0.13589

2023-04-02 15:46:38,852 Updates 91500, num timesteps 457505
selfsup attention loss 4.30482
image_b_keypoints_maps 0.13288

2023-04-02 15:47:02,983 Updates 91750, num timesteps 458755
selfsup attention loss 4.25108
image_b_keypoints_maps 0.14003

2023-04-02 15:47:26,876 Updates 92000, num timesteps 460005
selfsup attention loss 4.21187
image_b_keypoints_maps 0.13640

2023-04-02 15:47:50,825 Updates 92250, num timesteps 461255
selfsup attention loss 4.02375
image_b_keypoints_maps 0.13958

2023-04-02 15:48:14,752 Updates 92500, num timesteps 462505
selfsup attention loss 4.34067
image_b_keypoints_maps 0.13650

2023-04-02 15:48:38,665 Updates 92750, num timesteps 463755
selfsup attention loss 4.00718
image_b_keypoints_maps 0.13722

2023-04-02 15:49:02,569 Updates 93000, num timesteps 465005
selfsup attention loss 4.30016
image_b_keypoints_maps 0.13401

2023-04-02 15:49:26,516 Updates 93250, num timesteps 466255
selfsup attention loss 4.03640
image_b_keypoints_maps 0.13896

2023-04-02 15:49:50,385 Updates 93500, num timesteps 467505
selfsup attention loss 4.36843
image_b_keypoints_maps 0.13395

2023-04-02 15:50:14,281 Updates 93750, num timesteps 468755
selfsup attention loss 4.11989
image_b_keypoints_maps 0.13747

2023-04-02 15:50:38,160 Updates 94000, num timesteps 470005
selfsup attention loss 4.40269
image_b_keypoints_maps 0.13538

2023-04-02 15:51:02,047 Updates 94250, num timesteps 471255
selfsup attention loss 4.23486
image_b_keypoints_maps 0.13874

2023-04-02 15:51:26,015 Updates 94500, num timesteps 472505
selfsup attention loss 4.21474
image_b_keypoints_maps 0.13736

2023-04-02 15:51:49,887 Updates 94750, num timesteps 473755
selfsup attention loss 4.25933
image_b_keypoints_maps 0.13828

2023-04-02 15:52:13,778 Updates 95000, num timesteps 475005
selfsup attention loss 4.25154
image_b_keypoints_maps 0.14129

2023-04-02 15:52:37,819 Updates 95250, num timesteps 476255
selfsup attention loss 4.18789
image_b_keypoints_maps 0.13974

2023-04-02 15:53:01,724 Updates 95500, num timesteps 477505
selfsup attention loss 3.98249
image_b_keypoints_maps 0.14062

2023-04-02 15:53:25,596 Updates 95750, num timesteps 478755
selfsup attention loss 4.28237
image_b_keypoints_maps 0.13445

2023-04-02 15:53:49,479 Updates 96000, num timesteps 480005
selfsup attention loss 4.21351
image_b_keypoints_maps 0.14185

2023-04-02 15:54:13,349 Updates 96250, num timesteps 481255
selfsup attention loss 3.92666
image_b_keypoints_maps 0.13926

2023-04-02 15:54:37,317 Updates 96500, num timesteps 482505
selfsup attention loss 4.35900
image_b_keypoints_maps 0.13620

2023-04-02 15:55:01,165 Updates 96750, num timesteps 483755
selfsup attention loss 4.03398
image_b_keypoints_maps 0.13402

2023-04-02 15:55:25,027 Updates 97000, num timesteps 485005
selfsup attention loss 4.42244
image_b_keypoints_maps 0.14069

2023-04-02 15:55:49,049 Updates 97250, num timesteps 486255
selfsup attention loss 4.15050
image_b_keypoints_maps 0.13758

2023-04-02 15:56:12,931 Updates 97500, num timesteps 487505
selfsup attention loss 4.30900
image_b_keypoints_maps 0.13675

2023-04-02 15:56:36,803 Updates 97750, num timesteps 488755
selfsup attention loss 4.06185
image_b_keypoints_maps 0.14063

2023-04-02 15:57:00,692 Updates 98000, num timesteps 490005
selfsup attention loss 4.11130
image_b_keypoints_maps 0.13758

2023-04-02 15:57:24,666 Updates 98250, num timesteps 491255
selfsup attention loss 4.36200
image_b_keypoints_maps 0.13675

2023-04-02 15:57:48,648 Updates 98500, num timesteps 492505
selfsup attention loss 4.38696
image_b_keypoints_maps 0.13922

2023-04-02 15:58:12,451 Updates 98750, num timesteps 493755
selfsup attention loss 4.16517
image_b_keypoints_maps 0.14049

2023-04-02 15:58:36,197 Updates 99000, num timesteps 495005
selfsup attention loss 4.23069
image_b_keypoints_maps 0.13826

2023-04-02 15:58:59,928 Updates 99250, num timesteps 496255
selfsup attention loss 4.34409
image_b_keypoints_maps 0.13696

2023-04-02 15:59:23,646 Updates 99500, num timesteps 497505
selfsup attention loss 4.13841
image_b_keypoints_maps 0.13652

2023-04-02 15:59:47,392 Updates 99750, num timesteps 498755
selfsup attention loss 4.27124
image_b_keypoints_maps 0.13877

2023-04-02 16:00:11,019 => saving final model state to output/MsPacmanNoFrameskip-v4/a2c/flip/seed_1/final_state.pth
